sdl.lib(SDL_pixels.obj) : warning LNK4075: ignoring '/EDITANDCONTINUE' due to '/SAFESEH' specification
     Creating library C:\Dev\Xiq\src\Debug\xiq.lib and object C:\Dev\Xiq\src\Debug\xiq.exp
sdl.lib(SDL_dibaudio.obj) : error LNK2019: unresolved external symbol __imp__waveOutGetErrorTextA@12 referenced in function _SetMMerror
sdl.lib(SDL_dibaudio.obj) : error LNK2019: unresolved external symbol __imp__waveOutOpen@24 referenced in function _DIB_OpenAudio
sdl.lib(SDL_dibaudio.obj) : error LNK2019: unresolved external symbol __imp__waveOutClose@4 referenced in function _DIB_CloseAudio
sdl.lib(SDL_dibaudio.obj) : error LNK2019: unresolved external symbol __imp__waveOutPrepareHeader@12 referenced in function _DIB_OpenAudio
sdl.lib(SDL_dibaudio.obj) : error LNK2019: unresolved external symbol __imp__waveOutUnprepareHeader@12 referenced in function _DIB_CloseAudio
sdl.lib(SDL_dibaudio.obj) : error LNK2019: unresolved external symbol __imp__waveOutWrite@12 referenced in function _DIB_PlayAudio
sdl.lib(SDL_systimer.obj) : error LNK2019: unresolved external symbol __imp__timeSetEvent@20 referenced in function _SDL_SYS_TimerInit
sdl.lib(SDL_systimer.obj) : error LNK2019: unresolved external symbol __imp__timeKillEvent@4 referenced in function _SDL_SYS_TimerQuit
sdl.lib(SDL_systimer.obj) : error LNK2019: unresolved external symbol __imp__timeGetTime@0 referenced in function _SDL_GetTicks
sdl.lib(SDL_systimer.obj) : error LNK2019: unresolved external symbol __imp__timeBeginPeriod@4 referenced in function _SDL_SYS_TimerInit
sdl.lib(SDL_systimer.obj) : error LNK2019: unresolved external symbol __imp__timeEndPeriod@4 referenced in function _SDL_SYS_TimerQuit
sdl.lib(SDL_dx5video.obj) : error LNK2001: unresolved external symbol _GUID_XAxis
sdl.lib(SDL_dx5video.obj) : error LNK2001: unresolved external symbol _GUID_YAxis
sdl.lib(SDL_dx5video.obj) : error LNK2001: unresolved external symbol _GUID_ZAxis
sdl.lib(SDL_dx5video.obj) : error LNK2001: unresolved external symbol _GUID_RxAxis
sdl.lib(SDL_dx5video.obj) : error LNK2001: unresolved external symbol _GUID_RyAxis
sdl.lib(SDL_dx5video.obj) : error LNK2001: unresolved external symbol _GUID_RzAxis
sdl.lib(SDL_dx5video.obj) : error LNK2001: unresolved external symbol _GUID_Slider
sdl.lib(SDL_dx5video.obj) : error LNK2001: unresolved external symbol _GUID_Key
sdl.lib(SDL_dx5video.obj) : error LNK2001: unresolved external symbol _GUID_POV
sdl.lib(SDL_dx5video.obj) : error LNK2001: unresolved external symbol _IID_IDirectDraw2
sdl.lib(SDL_dx5video.obj) : error LNK2001: unresolved external symbol _IID_IDirectDrawSurface3
sdl.lib(SDL_dx5yuv.obj) : error LNK2001: unresolved external symbol _IID_IDirectDrawSurface3
sdl.lib(SDL_dx5video.obj) : error LNK2001: unresolved external symbol _IID_IDirectDrawGammaControl
sdl.lib(SDL_dx5events.obj) : error LNK2001: unresolved external symbol _GUID_SysMouse
sdl.lib(SDL_dx5events.obj) : error LNK2001: unresolved external symbol _GUID_SysKeyboard
sdl.lib(SDL_dx5events.obj) : error LNK2001: unresolved external symbol _IID_IDirectInputDevice2A
sdl.lib(SDL_mmjoystick.obj) : error LNK2019: unresolved external symbol __imp__joyGetPosEx@8 referenced in function _SDL_SYS_JoystickInit
sdl.lib(SDL_mmjoystick.obj) : error LNK2019: unresolved external symbol __imp__joyGetNumDevs@0 referenced in function _SDL_SYS_JoystickInit
sdl.lib(SDL_mmjoystick.obj) : error LNK2019: unresolved external symbol __imp__joyGetDevCapsA@12 referenced in function _SDL_SYS_JoystickInit
sdl.lib(SDL_syscdrom.obj) : error LNK2019: unresolved external symbol __imp__mciSendCommandA@16 referenced in function _SDL_SYS_CDioctl
sdl.lib(SDL_syscdrom.obj) : error LNK2019: unresolved external symbol __imp__mciGetErrorStringA@12 referenced in function _SDL_SYS_CDioctl
C:\Dev\Xiq\src\Debug\xiq.exe : fatal error LNK1120: 31 unresolved externals
